<?xml version="1.0" encoding="UTF-8"?>
<!-- Generated by org.testng.reporters.JUnitXMLReporter -->
<testsuite hostname="BE1DA774" ignored="0" name="Test" tests="2" failures="1" timestamp="2020-04-03T10:35:41 MESZ" time="0.068" errors="0">
  <testcase name="testAppConstructor" time="0.007" classname="com.mycompany.app.AppTest"/>
  <testcase name="testAppMain" time="0.004" classname="com.mycompany.app.AppTest">
    <failure type="java.lang.AssertionError" message="&amp;quot;message&amp;quot; is not &amp;quot;Hello World1!&amp;quot;">
      <![CDATA[java.lang.AssertionError: "message" is not "Hello World1!"
at com.mycompany.app.AppTest.testAppMain(AppTest.java:42)
at java.util.ArrayList.forEach(ArrayList.java:1257)
... Removed 28 stack frames]]>
    </failure>
  </testcase> <!-- testAppMain -->
</testsuite> <!-- Test -->
