<?xml version="1.0" encoding="UTF-8"?>
<testng-results skipped="0" failed="0" ignored="0" total="2" passed="2">
  <reporter-output>
  </reporter-output>
  <suite name="Default suite" duration-ms="55" started-at="2020-04-03T10:44:27 MESZ" finished-at="2020-04-03T10:44:27 MESZ">
    <groups>
    </groups>
    <test name="Default test" duration-ms="55" started-at="2020-04-03T10:44:27 MESZ" finished-at="2020-04-03T10:44:27 MESZ">
      <class name="com.mycompany.app.AppTest">
        <test-method status="PASS" signature="setUpStreams()[pri:0, instance:com.mycompany.app.AppTest@7b49cea0]" name="setUpStreams" is-config="true" duration-ms="8" started-at="2020-04-03T10:44:27 MESZ" finished-at="2020-04-03T10:44:27 MESZ">
          <reporter-output>
          </reporter-output>
        </test-method> <!-- setUpStreams -->
        <test-method status="PASS" signature="testAppConstructor()[pri:0, instance:com.mycompany.app.AppTest@7b49cea0]" name="testAppConstructor" duration-ms="7" started-at="2020-04-03T10:44:27 MESZ" finished-at="2020-04-03T10:44:27 MESZ">
          <reporter-output>
          </reporter-output>
        </test-method> <!-- testAppConstructor -->
        <test-method status="PASS" signature="testAppMain()[pri:0, instance:com.mycompany.app.AppTest@7b49cea0]" name="testAppMain" duration-ms="2" started-at="2020-04-03T10:44:27 MESZ" finished-at="2020-04-03T10:44:27 MESZ">
          <reporter-output>
          </reporter-output>
        </test-method> <!-- testAppMain -->
        <test-method status="PASS" signature="cleanUpStreams()[pri:0, instance:com.mycompany.app.AppTest@7b49cea0]" name="cleanUpStreams" is-config="true" duration-ms="0" started-at="2020-04-03T10:44:27 MESZ" finished-at="2020-04-03T10:44:27 MESZ">
          <reporter-output>
          </reporter-output>
        </test-method> <!-- cleanUpStreams -->
      </class> <!-- com.mycompany.app.AppTest -->
    </test> <!-- Default test -->
  </suite> <!-- Default suite -->
</testng-results>
